<?xml version="1.0" encoding="UTF-8"?>
<testng-results skipped="0" failed="0" ignored="0" total="1" passed="1">
  <reporter-output>
  </reporter-output>
  <suite name="Default suite" duration-ms="56" started-at="2019-04-16T07:21:50Z" finished-at="2019-04-16T07:21:50Z">
    <groups>
    </groups>
    <test name="Default test" duration-ms="56" started-at="2019-04-16T07:21:50Z" finished-at="2019-04-16T07:21:50Z">
      <class name="com.dummygithub.testcases.LoginTest">
        <test-method status="PASS" signature="loginTest()[pri:0, instance:com.dummygithub.testcases.LoginTest@3bfdc050]" name="loginTest" duration-ms="16" started-at="2019-04-16T07:21:50Z" finished-at="2019-04-16T07:21:50Z">
          <reporter-output>
          </reporter-output>
        </test-method> <!-- loginTest -->
      </class> <!-- com.dummygithub.testcases.LoginTest -->
    </test> <!-- Default test -->
  </suite> <!-- Default suite -->
</testng-results>
